<?xml version="1.0" encoding="utf-8"?><testsuites name="pytest tests"><testsuite name="pytest" errors="0" failures="2" skipped="0" tests="20" time="2.183" timestamp="2026-08-26T11:29:55.521012+00:00" hostname="agent-env-c882c193-4e52-4460-a9b8-b654e3f70684"><testcase classname="tests.test_asm_backend.TestPhysicians" name="test_a_create" time="0.188" /><testcase classname="tests.test_asm_backend.TestAuth" name="test_a_status_initial_false" time="0.266" /><testcase classname="tests.test_asm_backend.TestPhysicians" name="test_b_list_contains_created" time="0.052" /><testcase classname="tests.test_asm_backend.TestPhysicians" name="test_c_update" time="0.308" /><testcase classname="tests.test_asm_backend.TestAuth" name="test_b_setup_pin" time="0.291" /><testcase classname="tests.test_asm_backend.TestPhysicians" name="test_d_create_second" time="0.088" /><testcase classname="tests.test_asm_backend.TestAuth" name="test_c_status_after_setup" time="0.055" /><testcase classname="tests.test_asm_backend.TestAuth" name="test_d_setup_twice_fails" time="0.069" /><testcase classname="tests.test_asm_backend.TestAssignments" name="test_a_put_single" time="0.063" /><testcase classname="tests.test_asm_backend.TestAuth" name="test_e_verify_correct" time="0.323" /><testcase classname="tests.test_asm_backend.TestAssignments" name="test_b_bulk" time="0.265" /><testcase classname="tests.test_asm_backend.TestAssignments" name="test_c_list" time="0.088" /><testcase classname="tests.test_asm_backend.TestAuth" name="test_f_verify_wrong" time="0.281" /><testcase classname="tests.test_asm_backend.TestHolidays" name="test_a_mark_holiday_clears_assignment" time="0.385" /><testcase classname="tests.test_asm_backend.TestTemplate" name="test_a_put_template" time="0.000"><failure message="IndexError: list index out of range">backend/tests/test_asm_backend.py:96: in test_a_put_template
    tpl = {"1": [pids[0]], "2": [pids[1]], "3": [pids[0], pids[1]], "4": [], "5": [pids[0]], "6": [], "7": []}
                 ^^^^^^^
E   IndexError: list index out of range</failure></testcase><testcase classname="tests.test_asm_backend.TestTemplate" name="test_b_get_template" time="0.098"><failure message="KeyError: '1'">backend/tests/test_asm_backend.py:105: in test_b_get_template
    assert tpl["1"] == [TestPhysicians.created_ids[0]]
           ^^^^^^^^
E   KeyError: '1'</failure></testcase><testcase classname="tests.test_asm_backend" name="test_health" time="0.096" /><testcase classname="tests.test_asm_backend.TestHolidays" name="test_b_unmark_holiday" time="0.138" /><testcase classname="tests.test_asm_backend.TestCascadeDelete" name="test_delete_physician_cascades" time="0.230" /><testcase classname="tests.test_asm_backend.TestCascadeDelete" name="test_delete_missing_physician" time="0.044" /></testsuite></testsuites>