<?xml version="1.0" encoding="utf-8"?><testsuites name="pytest tests"><testsuite name="pytest" errors="0" failures="0" skipped="0" tests="22" time="3.332" timestamp="2026-08-26T12:06:13.755986+00:00" hostname="agent-env-c882c193-4e52-4460-a9b8-b654e3f70684"><testcase classname="tests.test_asm_backend.TestAuth" name="test_a_status_initial_false" time="0.356" /><testcase classname="tests.test_asm_backend.TestPhysicians" name="test_a_create" time="0.357" /><testcase classname="tests.test_asm_backend.TestPhysicians" name="test_b_list_contains_created" time="0.294" /><testcase classname="tests.test_asm_backend.TestAuth" name="test_b_setup_pin" time="0.293" /><testcase classname="tests.test_asm_backend.TestAuth" name="test_c_status_after_setup" time="0.119" /><testcase classname="tests.test_asm_backend.TestPhysicians" name="test_c_update" time="0.163" /><testcase classname="tests.test_asm_backend.TestAuth" name="test_d_setup_twice_fails" time="0.120" /><testcase classname="tests.test_asm_backend.TestPhysicians" name="test_d_create_second" time="0.093" /><testcase classname="tests.test_asm_backend.TestAuth" name="test_e_verify_correct" time="0.364" /><testcase classname="tests.test_asm_backend" name="test_health" time="0.070" /><testcase classname="tests.test_asm_backend" name="test_app_health_endpoint" time="0.198" /><testcase classname="tests.test_asm_backend" name="test_api_health_endpoint" time="0.084" /><testcase classname="tests.test_asm_backend.TestAuth" name="test_f_verify_wrong" time="0.290" /><testcase classname="tests.test_asm_backend.TestTemplate" name="test_a_put_template" time="0.289" /><testcase classname="tests.test_asm_backend.TestAssignments" name="test_a_put_single" time="0.197" /><testcase classname="tests.test_asm_backend.TestTemplate" name="test_b_get_template" time="0.131" /><testcase classname="tests.test_asm_backend.TestHolidays" name="test_a_mark_holiday_clears_assignment" time="0.557" /><testcase classname="tests.test_asm_backend.TestAssignments" name="test_b_bulk" time="0.175" /><testcase classname="tests.test_asm_backend.TestAssignments" name="test_c_list" time="0.086" /><testcase classname="tests.test_asm_backend.TestHolidays" name="test_b_unmark_holiday" time="0.154" /><testcase classname="tests.test_asm_backend.TestCascadeDelete" name="test_delete_physician_cascades" time="0.529" /><testcase classname="tests.test_asm_backend.TestCascadeDelete" name="test_delete_missing_physician" time="0.099" /></testsuite></testsuites>